This is pdfTeX, Version 3.14159265-2.6-1.40.18 (MiKTeX 2.9.6400) (preloaded format=pdflatex 2017.9.27)  2 NOV 2017 03:55
entering extended mode
**./paper.tex
(paper.tex
LaTeX2e <2017-04-15>
Babel <3.13> and hyphenation patterns for 1 language(s) loaded.
(/home/r05922135/.miktex/texmfs/install/tex/latex/beamer/beamer.cls
Document Class: beamer 2017/08/22 v3.43 A class for typesetting presentations
(/home/r05922135/.miktex/texmfs/install/tex/latex/beamer/beamerbasemodes.sty
(/home/r05922135/.miktex/texmfs/install/tex/latex/etoolbox/etoolbox.sty
Package: etoolbox 2017/01/02 v2.4 e-TeX tools for LaTeX (JAW)
\etb@tempcnta=\count79
)
\beamer@tempbox=\box26
\beamer@tempcount=\count80
\c@beamerpauses=\count81

(/home/r05922135/.miktex/texmfs/install/tex/latex/beamer/beamerbasedecode.sty
\beamer@slideinframe=\count82
\beamer@minimum=\count83
)
\beamer@commentbox=\box27
\beamer@modecount=\count84
) (/home/r05922135/.miktex/texmfs/install/tex/generic/oberdiek/ifpdf.sty
Package: ifpdf 2017/03/15 v3.2 Provides the ifpdf switch
)
\headdp=\dimen102
\footheight=\dimen103
\sidebarheight=\dimen104
\beamer@tempdim=\dimen105
\beamer@finalheight=\dimen106
\beamer@animht=\dimen107
\beamer@animdp=\dimen108
\beamer@animwd=\dimen109
\beamer@leftmargin=\dimen110
\beamer@rightmargin=\dimen111
\beamer@leftsidebar=\dimen112
\beamer@rightsidebar=\dimen113
\beamer@boxsize=\dimen114
\beamer@vboxoffset=\dimen115
\beamer@descdefault=\dimen116
\beamer@descriptionwidth=\dimen117
\beamer@lastskip=\skip41
\beamer@areabox=\box28
\beamer@animcurrent=\box29
\beamer@animshowbox=\box30
\beamer@sectionbox=\box31
\beamer@logobox=\box32
\beamer@linebox=\box33
\beamer@sectioncount=\count85
\beamer@subsubsectionmax=\count86
\beamer@subsectionmax=\count87
\beamer@sectionmax=\count88
\beamer@totalheads=\count89
\beamer@headcounter=\count90
\beamer@partstartpage=\count91
\beamer@sectionstartpage=\count92
\beamer@subsectionstartpage=\count93
\beamer@animationtempa=\count94
\beamer@animationtempb=\count95
\beamer@xpos=\count96
\beamer@ypos=\count97
\beamer@showpartnumber=\count98
\beamer@currentsubsection=\count99
\beamer@coveringdepth=\count100
\beamer@sectionadjust=\count101
\beamer@tocsectionnumber=\count102

(/home/r05922135/.miktex/texmfs/install/tex/latex/beamer/beamerbaseoptions.sty
(/home/r05922135/.miktex/texmfs/install/tex/latex/graphics/keyval.sty
Package: keyval 2014/10/28 v1.15 key=value parser (DPC)
\KV@toks@=\toks14
))
\beamer@paperwidth=\skip42
\beamer@paperheight=\skip43

(/home/r05922135/.miktex/texmfs/install/tex/latex/geometry-de/geometry.sty
Package: geometry 2010/09/12 v5.6 Page Geometry

(/home/r05922135/.miktex/texmfs/install/tex/generic/oberdiek/ifvtex.sty
Package: ifvtex 2016/05/16 v1.6 Detect VTeX and its facilities (HO)
Package ifvtex Info: VTeX not detected.
)
(/home/r05922135/.miktex/texmfs/install/tex/generic/ifxetex/ifxetex.sty
Package: ifxetex 2010/09/12 v0.6 Provides ifxetex conditional
)
\Gm@cnth=\count103
\Gm@cntv=\count104
\c@Gm@tempcnt=\count105
\Gm@bindingoffset=\dimen118
\Gm@wd@mp=\dimen119
\Gm@odd@mp=\dimen120
\Gm@even@mp=\dimen121
\Gm@layoutwidth=\dimen122
\Gm@layoutheight=\dimen123
\Gm@layouthoffset=\dimen124
\Gm@layoutvoffset=\dimen125
\Gm@dimlist=\toks15

(/home/r05922135/.miktex/texmfs/install/tex/xelatex/xetexconfig/geometry.cfg))
(/home/r05922135/.miktex/texmfs/install/tex/latex/base/size11.clo
File: size11.clo 2014/09/29 v1.4h Standard LaTeX file (size option)
)
(/home/r05922135/.miktex/texmfs/install/tex/latex/pgf/basiclayer/pgfcore.sty
(/home/r05922135/.miktex/texmfs/install/tex/latex/graphics/graphicx.sty
Package: graphicx 2017/06/01 v1.1a Enhanced LaTeX Graphics (DPC,SPQR)

(/home/r05922135/.miktex/texmfs/install/tex/latex/graphics/graphics.sty
Package: graphics 2017/06/25 v1.2c Standard LaTeX Graphics (DPC,SPQR)

(/home/r05922135/.miktex/texmfs/install/tex/latex/graphics/trig.sty
Package: trig 2016/01/03 v1.10 sin cos tan (DPC)
)
(/home/r05922135/.miktex/texmfs/install/tex/latex/graphics-cfg/graphics.cfg
File: graphics.cfg 2016/06/04 v1.11 sample graphics configuration
)
Package graphics Info: Driver file: pdftex.def on input line 99.

(/home/r05922135/.miktex/texmfs/install/tex/latex/graphics-def/pdftex.def
File: pdftex.def 2017/06/24 v1.0g Graphics/color driver for pdftex
))
\Gin@req@height=\dimen126
\Gin@req@width=\dimen127
)
(/home/r05922135/.miktex/texmfs/install/tex/latex/pgf/systemlayer/pgfsys.sty
(/home/r05922135/.miktex/texmfs/install/tex/latex/pgf/utilities/pgfrcs.sty
(/home/r05922135/.miktex/texmfs/install/tex/generic/pgf/utilities/pgfutil-commo
n.tex
\pgfutil@everybye=\toks16
\pgfutil@tempdima=\dimen128
\pgfutil@tempdimb=\dimen129

(/home/r05922135/.miktex/texmfs/install/tex/generic/pgf/utilities/pgfutil-commo
n-lists.tex))
(/home/r05922135/.miktex/texmfs/install/tex/generic/pgf/utilities/pgfutil-latex
.def
\pgfutil@abb=\box34
 (/home/r05922135/.miktex/texmfs/install/tex/latex/ms/everyshi.sty
Package: everyshi 2001/05/15 v3.00 EveryShipout Package (MS)
))
(/home/r05922135/.miktex/texmfs/install/tex/generic/pgf/utilities/pgfrcs.code.t
ex
Package: pgfrcs 2015/08/07 v3.0.1a (rcs-revision 1.31)
))
(/home/r05922135/.miktex/texmfs/install/tex/generic/pgf/systemlayer/pgfsys.code
.tex
Package: pgfsys 2014/07/09 v3.0.1a (rcs-revision 1.48)

(/home/r05922135/.miktex/texmfs/install/tex/generic/pgf/utilities/pgfkeys.code.
tex
\pgfkeys@pathtoks=\toks17
\pgfkeys@temptoks=\toks18

(/home/r05922135/.miktex/texmfs/install/tex/generic/pgf/utilities/pgfkeysfilter
ed.code.tex
\pgfkeys@tmptoks=\toks19
))
\pgf@x=\dimen130
\pgf@y=\dimen131
\pgf@xa=\dimen132
\pgf@ya=\dimen133
\pgf@xb=\dimen134
\pgf@yb=\dimen135
\pgf@xc=\dimen136
\pgf@yc=\dimen137
\w@pgf@writea=\write3
\r@pgf@reada=\read1
\c@pgf@counta=\count106
\c@pgf@countb=\count107
\c@pgf@countc=\count108
\c@pgf@countd=\count109
\t@pgf@toka=\toks20
\t@pgf@tokb=\toks21
\t@pgf@tokc=\toks22

(/home/r05922135/.miktex/texmfs/install/tex/generic/pgf/systemlayer/pgf.cfg
File: pgf.cfg 2008/05/14  (rcs-revision 1.7)
)
Driver file for pgf: pgfsys-pdftex.def

(/home/r05922135/.miktex/texmfs/install/tex/generic/pgf/systemlayer/pgfsys-pdft
ex.def
File: pgfsys-pdftex.def 2014/10/11  (rcs-revision 1.35)

(/home/r05922135/.miktex/texmfs/install/tex/generic/pgf/systemlayer/pgfsys-comm
on-pdf.def
File: pgfsys-common-pdf.def 2013/10/10  (rcs-revision 1.13)
)))
(/home/r05922135/.miktex/texmfs/install/tex/generic/pgf/systemlayer/pgfsyssoftp
ath.code.tex
File: pgfsyssoftpath.code.tex 2013/09/09  (rcs-revision 1.9)
\pgfsyssoftpath@smallbuffer@items=\count110
\pgfsyssoftpath@bigbuffer@items=\count111
)
(/home/r05922135/.miktex/texmfs/install/tex/generic/pgf/systemlayer/pgfsysproto
col.code.tex
File: pgfsysprotocol.code.tex 2006/10/16  (rcs-revision 1.4)
))
(/home/r05922135/.miktex/texmfs/install/tex/latex/xcolor/xcolor.sty
Package: xcolor 2016/05/11 v2.12 LaTeX color extensions (UK)

(/home/r05922135/.miktex/texmfs/install/tex/latex/graphics-cfg/color.cfg
File: color.cfg 2016/01/02 v1.6 sample color configuration
)
Package xcolor Info: Driver file: pdftex.def on input line 225.
Package xcolor Info: Model `cmy' substituted by `cmy0' on input line 1348.
Package xcolor Info: Model `hsb' substituted by `rgb' on input line 1352.
Package xcolor Info: Model `RGB' extended on input line 1364.
Package xcolor Info: Model `HTML' substituted by `rgb' on input line 1366.
Package xcolor Info: Model `Hsb' substituted by `hsb' on input line 1367.
Package xcolor Info: Model `tHsb' substituted by `hsb' on input line 1368.
Package xcolor Info: Model `HSB' substituted by `hsb' on input line 1369.
Package xcolor Info: Model `Gray' substituted by `gray' on input line 1370.
Package xcolor Info: Model `wave' substituted by `hsb' on input line 1371.
)
(/home/r05922135/.miktex/texmfs/install/tex/generic/pgf/basiclayer/pgfcore.code
.tex
Package: pgfcore 2010/04/11 v3.0.1a (rcs-revision 1.7)

(/home/r05922135/.miktex/texmfs/install/tex/generic/pgf/math/pgfmath.code.tex
(/home/r05922135/.miktex/texmfs/install/tex/generic/pgf/math/pgfmathcalc.code.t
ex
(/home/r05922135/.miktex/texmfs/install/tex/generic/pgf/math/pgfmathutil.code.t
ex)
(/home/r05922135/.miktex/texmfs/install/tex/generic/pgf/math/pgfmathparser.code
.tex
\pgfmath@dimen=\dimen138
\pgfmath@count=\count112
\pgfmath@box=\box35
\pgfmath@toks=\toks23
\pgfmath@stack@operand=\toks24
\pgfmath@stack@operation=\toks25
)
(/home/r05922135/.miktex/texmfs/install/tex/generic/pgf/math/pgfmathfunctions.c
ode.tex
(/home/r05922135/.miktex/texmfs/install/tex/generic/pgf/math/pgfmathfunctions.b
asic.code.tex)
(/home/r05922135/.miktex/texmfs/install/tex/generic/pgf/math/pgfmathfunctions.t
rigonometric.code.tex)
(/home/r05922135/.miktex/texmfs/install/tex/generic/pgf/math/pgfmathfunctions.r
andom.code.tex)
(/home/r05922135/.miktex/texmfs/install/tex/generic/pgf/math/pgfmathfunctions.c
omparison.code.tex)
(/home/r05922135/.miktex/texmfs/install/tex/generic/pgf/math/pgfmathfunctions.b
ase.code.tex)
(/home/r05922135/.miktex/texmfs/install/tex/generic/pgf/math/pgfmathfunctions.r
ound.code.tex)
(/home/r05922135/.miktex/texmfs/install/tex/generic/pgf/math/pgfmathfunctions.m
isc.code.tex)
(/home/r05922135/.miktex/texmfs/install/tex/generic/pgf/math/pgfmathfunctions.i
ntegerarithmetics.code.tex)))
(/home/r05922135/.miktex/texmfs/install/tex/generic/pgf/math/pgfmathfloat.code.
tex
\c@pgfmathroundto@lastzeros=\count113
))
(/home/r05922135/.miktex/texmfs/install/tex/generic/pgf/basiclayer/pgfcorepoint
s.code.tex
File: pgfcorepoints.code.tex 2013/10/07  (rcs-revision 1.27)
\pgf@picminx=\dimen139
\pgf@picmaxx=\dimen140
\pgf@picminy=\dimen141
\pgf@picmaxy=\dimen142
\pgf@pathminx=\dimen143
\pgf@pathmaxx=\dimen144
\pgf@pathminy=\dimen145
\pgf@pathmaxy=\dimen146
\pgf@xx=\dimen147
\pgf@xy=\dimen148
\pgf@yx=\dimen149
\pgf@yy=\dimen150
\pgf@zx=\dimen151
\pgf@zy=\dimen152
)
(/home/r05922135/.miktex/texmfs/install/tex/generic/pgf/basiclayer/pgfcorepathc
onstruct.code.tex
File: pgfcorepathconstruct.code.tex 2013/10/07  (rcs-revision 1.29)
\pgf@path@lastx=\dimen153
\pgf@path@lasty=\dimen154
)
(/home/r05922135/.miktex/texmfs/install/tex/generic/pgf/basiclayer/pgfcorepathu
sage.code.tex
File: pgfcorepathusage.code.tex 2014/11/02  (rcs-revision 1.24)
\pgf@shorten@end@additional=\dimen155
\pgf@shorten@start@additional=\dimen156
)
(/home/r05922135/.miktex/texmfs/install/tex/generic/pgf/basiclayer/pgfcorescope
s.code.tex
File: pgfcorescopes.code.tex 2015/05/08  (rcs-revision 1.46)
\pgfpic=\box36
\pgf@hbox=\box37
\pgf@layerbox@main=\box38
\pgf@picture@serial@count=\count114
)
(/home/r05922135/.miktex/texmfs/install/tex/generic/pgf/basiclayer/pgfcoregraph
icstate.code.tex
File: pgfcoregraphicstate.code.tex 2014/11/02  (rcs-revision 1.12)
\pgflinewidth=\dimen157
)
(/home/r05922135/.miktex/texmfs/install/tex/generic/pgf/basiclayer/pgfcoretrans
formations.code.tex
File: pgfcoretransformations.code.tex 2015/08/07  (rcs-revision 1.20)
\pgf@pt@x=\dimen158
\pgf@pt@y=\dimen159
\pgf@pt@temp=\dimen160
)
(/home/r05922135/.miktex/texmfs/install/tex/generic/pgf/basiclayer/pgfcorequick
.code.tex
File: pgfcorequick.code.tex 2008/10/09  (rcs-revision 1.3)
)
(/home/r05922135/.miktex/texmfs/install/tex/generic/pgf/basiclayer/pgfcoreobjec
ts.code.tex
File: pgfcoreobjects.code.tex 2006/10/11  (rcs-revision 1.2)
)
(/home/r05922135/.miktex/texmfs/install/tex/generic/pgf/basiclayer/pgfcorepathp
rocessing.code.tex
File: pgfcorepathprocessing.code.tex 2013/09/09  (rcs-revision 1.9)
)
(/home/r05922135/.miktex/texmfs/install/tex/generic/pgf/basiclayer/pgfcorearrow
s.code.tex
File: pgfcorearrows.code.tex 2015/05/14  (rcs-revision 1.43)
\pgfarrowsep=\dimen161
)
(/home/r05922135/.miktex/texmfs/install/tex/generic/pgf/basiclayer/pgfcoreshade
.code.tex
File: pgfcoreshade.code.tex 2013/07/15  (rcs-revision 1.15)
\pgf@max=\dimen162
\pgf@sys@shading@range@num=\count115
)
(/home/r05922135/.miktex/texmfs/install/tex/generic/pgf/basiclayer/pgfcoreimage
.code.tex
File: pgfcoreimage.code.tex 2013/07/15  (rcs-revision 1.18)

(/home/r05922135/.miktex/texmfs/install/tex/generic/pgf/basiclayer/pgfcoreexter
nal.code.tex
File: pgfcoreexternal.code.tex 2014/07/09  (rcs-revision 1.21)
\pgfexternal@startupbox=\box39
))
(/home/r05922135/.miktex/texmfs/install/tex/generic/pgf/basiclayer/pgfcorelayer
s.code.tex
File: pgfcorelayers.code.tex 2013/07/18  (rcs-revision 1.7)
)
(/home/r05922135/.miktex/texmfs/install/tex/generic/pgf/basiclayer/pgfcoretrans
parency.code.tex
File: pgfcoretransparency.code.tex 2013/09/30  (rcs-revision 1.5)
)
(/home/r05922135/.miktex/texmfs/install/tex/generic/pgf/basiclayer/pgfcorepatte
rns.code.tex
File: pgfcorepatterns.code.tex 2013/11/07  (rcs-revision 1.5)
)))
(/home/r05922135/.miktex/texmfs/install/tex/latex/pgf/utilities/xxcolor.sty
Package: xxcolor 2003/10/24 ver 0.1
\XC@nummixins=\count116
\XC@countmixins=\count117
)
(/home/r05922135/.miktex/texmfs/install/tex/generic/oberdiek/atbegshi.sty
Package: atbegshi 2016/06/09 v1.18 At begin shipout hook (HO)

(/home/r05922135/.miktex/texmfs/install/tex/generic/oberdiek/infwarerr.sty
Package: infwarerr 2016/05/16 v1.4 Providing info/warning/error messages (HO)
)
(/home/r05922135/.miktex/texmfs/install/tex/generic/oberdiek/ltxcmds.sty
Package: ltxcmds 2016/05/16 v1.23 LaTeX kernel commands for general use (HO)
))
(/home/r05922135/.miktex/texmfs/install/tex/latex/hyperref/hyperref.sty
Package: hyperref 2017/03/14 v6.85a Hypertext links for LaTeX

(/home/r05922135/.miktex/texmfs/install/tex/generic/oberdiek/hobsub-hyperref.st
y
Package: hobsub-hyperref 2016/05/16 v1.14 Bundle oberdiek, subset hyperref (HO)


(/home/r05922135/.miktex/texmfs/install/tex/generic/oberdiek/hobsub-generic.sty
Package: hobsub-generic 2016/05/16 v1.14 Bundle oberdiek, subset generic (HO)
Package: hobsub 2016/05/16 v1.14 Construct package bundles (HO)
Package hobsub Info: Skipping package `infwarerr' (already loaded).
Package hobsub Info: Skipping package `ltxcmds' (already loaded).
Package: ifluatex 2016/05/16 v1.4 Provides the ifluatex switch (HO)
Package ifluatex Info: LuaTeX not detected.
Package hobsub Info: Skipping package `ifvtex' (already loaded).
Package: intcalc 2016/05/16 v1.2 Expandable calculations with integers (HO)
Package hobsub Info: Skipping package `ifpdf' (already loaded).
Package: etexcmds 2016/05/16 v1.6 Avoid name clashes with e-TeX commands (HO)
Package etexcmds Info: Could not find \expanded.
(etexcmds)             That can mean that you are not using pdfTeX 1.50 or
(etexcmds)             that some package has redefined \expanded.
(etexcmds)             In the latter case, load this package earlier.
Package: kvsetkeys 2016/05/16 v1.17 Key value parser (HO)
Package: kvdefinekeys 2016/05/16 v1.4 Define keys (HO)
Package: pdftexcmds 2017/03/19 v0.25 Utility functions of pdfTeX for LuaTeX (HO
)
Package pdftexcmds Info: LuaTeX not detected.
Package pdftexcmds Info: \pdf@primitive is available.
Package pdftexcmds Info: \pdf@ifprimitive is available.
Package pdftexcmds Info: \pdfdraftmode found.
Package: pdfescape 2016/05/16 v1.14 Implements pdfTeX's escape features (HO)
Package: bigintcalc 2016/05/16 v1.4 Expandable calculations on big integers (HO
)
Package: bitset 2016/05/16 v1.2 Handle bit-vector datatype (HO)
Package: uniquecounter 2016/05/16 v1.3 Provide unlimited unique counter (HO)
)
Package hobsub Info: Skipping package `hobsub' (already loaded).
Package: letltxmacro 2016/05/16 v1.5 Let assignment for LaTeX macros (HO)
Package: hopatch 2016/05/16 v1.3 Wrapper for package hooks (HO)
Package: xcolor-patch 2016/05/16 xcolor patch
Package: atveryend 2016/05/16 v1.9 Hooks at the very end of document (HO)
Package hobsub Info: Skipping package `atbegshi' (already loaded).
Package: refcount 2016/05/16 v3.5 Data extraction from label references (HO)
Package: hycolor 2016/05/16 v1.8 Color options for hyperref/bookmark (HO)
) (/home/r05922135/.miktex/texmfs/install/tex/latex/oberdiek/auxhook.sty
Package: auxhook 2016/05/16 v1.4 Hooks for auxiliary files (HO)
)
(/home/r05922135/.miktex/texmfs/install/tex/latex/oberdiek/kvoptions.sty
Package: kvoptions 2016/05/16 v3.12 Key value format for package options (HO)
)
\@linkdim=\dimen163
\Hy@linkcounter=\count118
\Hy@pagecounter=\count119

(/home/r05922135/.miktex/texmfs/install/tex/latex/hyperref/pd1enc.def
File: pd1enc.def 2017/03/14 v6.85a Hyperref: PDFDocEncoding definition (HO)
)
\Hy@SavedSpaceFactor=\count120

(/home/r05922135/.miktex/texmfs/install/tex/latex/00miktex/hyperref.cfg
File: hyperref.cfg 2002/06/06 v1.2 hyperref configuration of TeXLive
)
Package hyperref Info: Option `bookmarks' set `true' on input line 4374.
Package hyperref Info: Option `bookmarksopen' set `true' on input line 4374.
Package hyperref Info: Option `implicit' set `false' on input line 4374.
Package hyperref Info: Hyper figures OFF on input line 4498.
Package hyperref Info: Link nesting OFF on input line 4503.
Package hyperref Info: Hyper index ON on input line 4506.
Package hyperref Info: Plain pages OFF on input line 4513.
Package hyperref Info: Backreferencing OFF on input line 4518.
Package hyperref Info: Implicit mode OFF; no redefinition of LaTeX internals.
Package hyperref Info: Bookmarks ON on input line 4751.
\c@Hy@tempcnt=\count121

(/home/r05922135/.miktex/texmfs/install/tex/latex/url/url.sty
\Urlmuskip=\muskip10
Package: url 2013/09/16  ver 3.4  Verb mode for urls, etc.
)
LaTeX Info: Redefining \url on input line 5104.
\XeTeXLinkMargin=\dimen164
\Fld@menulength=\count122
\Field@Width=\dimen165
\Fld@charsize=\dimen166
Package hyperref Info: Hyper figures OFF on input line 6358.
Package hyperref Info: Link nesting OFF on input line 6363.
Package hyperref Info: Hyper index ON on input line 6366.
Package hyperref Info: backreferencing OFF on input line 6373.
Package hyperref Info: Link coloring OFF on input line 6378.
Package hyperref Info: Link coloring with OCG OFF on input line 6383.
Package hyperref Info: PDF/A mode OFF on input line 6388.
LaTeX Info: Redefining \ref on input line 6428.
LaTeX Info: Redefining \pageref on input line 6432.
\Hy@abspage=\count123


Package hyperref Message: Stopped early.

)

Package hyperref Message: Driver (autodetected): hpdftex.

(/home/r05922135/.miktex/texmfs/install/tex/latex/hyperref/hpdftex.def
File: hpdftex.def 2017/03/14 v6.85a Hyperref driver for pdfTeX
\Fld@listcount=\count124
\c@bookmark@seq@number=\count125

(/home/r05922135/.miktex/texmfs/install/tex/latex/oberdiek/rerunfilecheck.sty
Package: rerunfilecheck 2016/05/16 v1.8 Rerun checks for auxiliary files (HO)
Package uniquecounter Info: New unique counter `rerunfilecheck' on input line 2
82.
))
(/home/r05922135/.miktex/texmfs/install/tex/latex/beamer/beamerbaserequires.sty

(/home/r05922135/.miktex/texmfs/install/tex/latex/beamer/beamerbasecompatibilit
y.sty)
(/home/r05922135/.miktex/texmfs/install/tex/latex/beamer/beamerbasefont.sty
(/home/r05922135/.miktex/texmfs/install/tex/latex/amsfonts/amssymb.sty
Package: amssymb 2013/01/14 v3.01 AMS font symbols

(/home/r05922135/.miktex/texmfs/install/tex/latex/amsfonts/amsfonts.sty
Package: amsfonts 2013/01/14 v3.01 Basic AMSFonts support
\@emptytoks=\toks26
\symAMSa=\mathgroup4
\symAMSb=\mathgroup5
LaTeX Font Info:    Overwriting math alphabet `\mathfrak' in version `bold'
(Font)                  U/euf/m/n --> U/euf/b/n on input line 106.
))
(/home/r05922135/.miktex/texmfs/install/tex/latex/sansmathaccent/sansmathaccent
.sty
Package: sansmathaccent 2013/03/28
 (/home/r05922135/.miktex/texmfs/install/tex/latex/filehook/filehook.sty
Package: filehook 2011/10/12 v0.5d Hooks for input files
)))
(/home/r05922135/.miktex/texmfs/install/tex/latex/beamer/beamerbasetranslator.s
ty
(/home/r05922135/.miktex/texmfs/install/tex/latex/beamer/translator/translator.
sty
Package: translator 2010/06/12 ver 1.10

(/home/r05922135/.miktex/texmfs/install/tex/latex/beamer/translator/translator-
language-mappings.tex)))
(/home/r05922135/.miktex/texmfs/install/tex/latex/beamer/beamerbasemisc.sty)
(/home/r05922135/.miktex/texmfs/install/tex/latex/beamer/beamerbasetwoscreens.s
ty)
(/home/r05922135/.miktex/texmfs/install/tex/latex/beamer/beamerbaseoverlay.sty
\beamer@argscount=\count126
\beamer@lastskipcover=\skip44
\beamer@trivlistdepth=\count127
) (/home/r05922135/.miktex/texmfs/install/tex/latex/beamer/beamerbasetitle.sty)

(/home/r05922135/.miktex/texmfs/install/tex/latex/beamer/beamerbasesection.sty
\c@lecture=\count128
\c@part=\count129
\c@section=\count130
\c@subsection=\count131
\c@subsubsection=\count132
) (/home/r05922135/.miktex/texmfs/install/tex/latex/beamer/beamerbaseframe.sty
\beamer@framebox=\box40
\beamer@frametitlebox=\box41
\beamer@zoombox=\box42
\beamer@zoomcount=\count133
\beamer@zoomframecount=\count134
\beamer@frametextheight=\dimen167
\c@subsectionslide=\count135
\beamer@frametopskip=\skip45
\beamer@framebottomskip=\skip46
\beamer@frametopskipautobreak=\skip47
\beamer@framebottomskipautobreak=\skip48
\beamer@envbody=\toks27
\framewidth=\dimen168
\c@framenumber=\count136
)
(/home/r05922135/.miktex/texmfs/install/tex/latex/beamer/beamerbaseverbatim.sty
\beamer@verbatimfileout=\write4
)
(/home/r05922135/.miktex/texmfs/install/tex/latex/beamer/beamerbaseframesize.st
y
\beamer@splitbox=\box43
\beamer@autobreakcount=\count137
\beamer@autobreaklastheight=\dimen169
\beamer@frametitletoks=\toks28
\beamer@framesubtitletoks=\toks29
)
(/home/r05922135/.miktex/texmfs/install/tex/latex/beamer/beamerbaseframecompone
nts.sty
\beamer@footins=\box44
)
(/home/r05922135/.miktex/texmfs/install/tex/latex/beamer/beamerbasecolor.sty
\beamer@bg@ht=\dimen170
\beamer@bg@wd=\dimen171
\beamer@bg@dp=\dimen172
)
(/home/r05922135/.miktex/texmfs/install/tex/latex/beamer/beamerbasenotes.sty
\beamer@frameboxcopy=\box45
)
(/home/r05922135/.miktex/texmfs/install/tex/latex/beamer/beamerbasetoc.sty)
(/home/r05922135/.miktex/texmfs/install/tex/latex/beamer/beamerbasetemplates.st
y
\beamer@sbttoks=\toks30

(/home/r05922135/.miktex/texmfs/install/tex/latex/beamer/beamerbaseauxtemplates
.sty
(/home/r05922135/.miktex/texmfs/install/tex/latex/beamer/beamerbaseboxes.sty
\bmb@box=\box46
\bmb@colorbox=\box47
\bmb@boxshadow=\box48
\bmb@boxshadowball=\box49
\bmb@boxshadowballlarge=\box50
\bmb@temp=\dimen173
\bmb@dima=\dimen174
\bmb@dimb=\dimen175
\bmb@prevheight=\dimen176
)
\beamer@blockheadheight=\dimen177
))
(/home/r05922135/.miktex/texmfs/install/tex/latex/beamer/beamerbaselocalstructu
re.sty (/home/r05922135/.miktex/texmfs/install/tex/latex/tools/enumerate.sty
Package: enumerate 2015/07/23 v3.00 enumerate extensions (DPC)
\@enLab=\toks31
)
\c@figure=\count138
\c@table=\count139
\abovecaptionskip=\skip49
\belowcaptionskip=\skip50
)
(/home/r05922135/.miktex/texmfs/install/tex/latex/beamer/beamerbasenavigation.s
ty
\beamer@section@min@dim=\dimen178
)
(/home/r05922135/.miktex/texmfs/install/tex/latex/beamer/beamerbasetheorems.sty
(/home/r05922135/.miktex/texmfs/install/tex/latex/amsmath/amsmath.sty
Package: amsmath 2017/09/02 v2.17a AMS math features
\@mathmargin=\skip51

For additional information on amsmath, use the `?' option.
(/home/r05922135/.miktex/texmfs/install/tex/latex/amsmath/amstext.sty
Package: amstext 2000/06/29 v2.01 AMS text

(/home/r05922135/.miktex/texmfs/install/tex/latex/amsmath/amsgen.sty
File: amsgen.sty 1999/11/30 v2.0 generic functions
\@emptytoks=\toks32
\ex@=\dimen179
))
(/home/r05922135/.miktex/texmfs/install/tex/latex/amsmath/amsbsy.sty
Package: amsbsy 1999/11/29 v1.2d Bold Symbols
\pmbraise@=\dimen180
)
(/home/r05922135/.miktex/texmfs/install/tex/latex/amsmath/amsopn.sty
Package: amsopn 2016/03/08 v2.02 operator names
)
\inf@bad=\count140
LaTeX Info: Redefining \frac on input line 213.
\uproot@=\count141
\leftroot@=\count142
LaTeX Info: Redefining \overline on input line 375.
\classnum@=\count143
\DOTSCASE@=\count144
LaTeX Info: Redefining \ldots on input line 472.
LaTeX Info: Redefining \dots on input line 475.
LaTeX Info: Redefining \cdots on input line 596.
\Mathstrutbox@=\box51
\strutbox@=\box52
\big@size=\dimen181
LaTeX Font Info:    Redeclaring font encoding OML on input line 712.
LaTeX Font Info:    Redeclaring font encoding OMS on input line 713.
\macc@depth=\count145
\c@MaxMatrixCols=\count146
\dotsspace@=\muskip11
\c@parentequation=\count147
\dspbrk@lvl=\count148
\tag@help=\toks33
\row@=\count149
\column@=\count150
\maxfields@=\count151
\andhelp@=\toks34
\eqnshift@=\dimen182
\alignsep@=\dimen183
\tagshift@=\dimen184
\tagwidth@=\dimen185
\totwidth@=\dimen186
\lineht@=\dimen187
\@envbody=\toks35
\multlinegap=\skip52
\multlinetaggap=\skip53
\mathdisplay@stack=\toks36
LaTeX Info: Redefining \[ on input line 2817.
LaTeX Info: Redefining \] on input line 2818.
)
(/home/r05922135/.miktex/texmfs/install/tex/latex/amscls/amsthm.sty
Package: amsthm 2015/03/04 v2.20.2
\thm@style=\toks37
\thm@bodyfont=\toks38
\thm@headfont=\toks39
\thm@notefont=\toks40
\thm@headpunct=\toks41
\thm@preskip=\skip54
\thm@postskip=\skip55
\thm@headsep=\skip56
\dth@everypar=\toks42
)
\c@theorem=\count152
)
(/home/r05922135/.miktex/texmfs/install/tex/latex/beamer/beamerbasethemes.sty))

(/home/r05922135/.miktex/texmfs/install/tex/latex/beamer/themes/theme/beamerthe
medefault.sty
(/home/r05922135/.miktex/texmfs/install/tex/latex/beamer/themes/font/beamerfont
themedefault.sty)
(/home/r05922135/.miktex/texmfs/install/tex/latex/beamer/themes/color/beamercol
orthemedefault.sty)
(/home/r05922135/.miktex/texmfs/install/tex/latex/beamer/themes/inner/beamerinn
erthemedefault.sty
\beamer@dima=\dimen188
\beamer@dimb=\dimen189
)
(/home/r05922135/.miktex/texmfs/install/tex/latex/beamer/themes/outer/beamerout
erthemedefault.sty)))
(/home/r05922135/.miktex/texmfs/install/tex/latex/beamer/themes/font/beamerfont
themeserif.sty)
(/home/r05922135/.miktex/texmfs/install/tex/latex/listings/listings.sty
\lst@mode=\count153
\lst@gtempboxa=\box53
\lst@token=\toks43
\lst@length=\count154
\lst@currlwidth=\dimen190
\lst@column=\count155
\lst@pos=\count156
\lst@lostspace=\dimen191
\lst@width=\dimen192
\lst@newlines=\count157
\lst@lineno=\count158
\lst@maxwidth=\dimen193

(/home/r05922135/.miktex/texmfs/install/tex/latex/listings/lstmisc.sty
File: lstmisc.sty 2015/06/04 1.6 (Carsten Heinz)
\c@lstnumber=\count159
\lst@skipnumbers=\count160
\lst@framebox=\box54
)
(/home/r05922135/.miktex/texmfs/install/tex/latex/listings/listings.cfg
File: listings.cfg 2015/06/04 1.6 listings configuration
))
Package: listings 2015/06/04 1.6 (Carsten Heinz)

(/home/r05922135/.miktex/texmfs/install/tex/latex/listings/lstlang1.sty
File: lstlang1.sty 2015/06/04 1.6 listings language file
)
(/home/r05922135/.miktex/texmfs/install/tex/latex/listings/lstmisc.sty
File: lstmisc.sty 2015/06/04 1.6 (Carsten Heinz)
)
(/home/r05922135/.miktex/texmfs/install/tex/latex/beamer/themes/theme/beamerthe
meWarsaw.sty
(/home/r05922135/.miktex/texmfs/install/tex/latex/beamer/themes/inner/beamerinn
erthemerounded.sty)
(/home/r05922135/.miktex/texmfs/install/tex/latex/beamer/themes/outer/beamerout
erthemeshadow.sty
(/home/r05922135/.miktex/texmfs/install/tex/latex/beamer/themes/outer/beamerout
erthemesplit.sty))
(/home/r05922135/.miktex/texmfs/install/tex/latex/beamer/themes/color/beamercol
orthemeorchid.sty)
(/home/r05922135/.miktex/texmfs/install/tex/latex/beamer/themes/color/beamercol
orthemewhale.sty))
(/home/r05922135/.miktex/texmfs/install/tex/latex/pgf/frontendlayer/tikz.sty
(/home/r05922135/.miktex/texmfs/install/tex/latex/pgf/basiclayer/pgf.sty
Package: pgf 2015/08/07 v3.0.1a (rcs-revision 1.15)

(/home/r05922135/.miktex/texmfs/install/tex/generic/pgf/modules/pgfmoduleshapes
.code.tex
File: pgfmoduleshapes.code.tex 2014/03/21  (rcs-revision 1.35)
\pgfnodeparttextbox=\box55
)
(/home/r05922135/.miktex/texmfs/install/tex/generic/pgf/modules/pgfmoduleplot.c
ode.tex
File: pgfmoduleplot.code.tex 2015/08/03  (rcs-revision 1.13)
)
(/home/r05922135/.miktex/texmfs/install/tex/latex/pgf/compatibility/pgfcomp-ver
sion-0-65.sty
Package: pgfcomp-version-0-65 2007/07/03 v3.0.1a (rcs-revision 1.7)
\pgf@nodesepstart=\dimen194
\pgf@nodesepend=\dimen195
)
(/home/r05922135/.miktex/texmfs/install/tex/latex/pgf/compatibility/pgfcomp-ver
sion-1-18.sty
Package: pgfcomp-version-1-18 2007/07/23 v3.0.1a (rcs-revision 1.1)
))
(/home/r05922135/.miktex/texmfs/install/tex/latex/pgf/utilities/pgffor.sty
(/home/r05922135/.miktex/texmfs/install/tex/latex/pgf/utilities/pgfkeys.sty
(/home/r05922135/.miktex/texmfs/install/tex/generic/pgf/utilities/pgfkeys.code.
tex)) (/home/r05922135/.miktex/texmfs/install/tex/latex/pgf/math/pgfmath.sty
(/home/r05922135/.miktex/texmfs/install/tex/generic/pgf/math/pgfmath.code.tex))

(/home/r05922135/.miktex/texmfs/install/tex/generic/pgf/utilities/pgffor.code.t
ex
Package: pgffor 2013/12/13 v3.0.1a (rcs-revision 1.25)

(/home/r05922135/.miktex/texmfs/install/tex/generic/pgf/math/pgfmath.code.tex)
\pgffor@iter=\dimen196
\pgffor@skip=\dimen197
\pgffor@stack=\toks44
\pgffor@toks=\toks45
))
(/home/r05922135/.miktex/texmfs/install/tex/generic/pgf/frontendlayer/tikz/tikz
.code.tex
Package: tikz 2015/08/07 v3.0.1a (rcs-revision 1.151)

(/home/r05922135/.miktex/texmfs/install/tex/generic/pgf/libraries/pgflibraryplo
thandlers.code.tex
File: pgflibraryplothandlers.code.tex 2013/08/31 v3.0.1a (rcs-revision 1.20)
\pgf@plot@mark@count=\count161
\pgfplotmarksize=\dimen198
)
\tikz@lastx=\dimen199
\tikz@lasty=\dimen256
\tikz@lastxsaved=\dimen257
\tikz@lastysaved=\dimen258
\tikzleveldistance=\dimen259
\tikzsiblingdistance=\dimen260
\tikz@figbox=\box56
\tikz@figbox@bg=\box57
\tikz@tempbox=\box58
\tikz@tempbox@bg=\box59
\tikztreelevel=\count162
\tikznumberofchildren=\count163
\tikznumberofcurrentchild=\count164
\tikz@fig@count=\count165

(/home/r05922135/.miktex/texmfs/install/tex/generic/pgf/modules/pgfmodulematrix
.code.tex
File: pgfmodulematrix.code.tex 2013/09/17  (rcs-revision 1.8)
\pgfmatrixcurrentrow=\count166
\pgfmatrixcurrentcolumn=\count167
\pgf@matrix@numberofcolumns=\count168
)
\tikz@expandcount=\count169

(/home/r05922135/.miktex/texmfs/install/tex/generic/pgf/frontendlayer/tikz/libr
aries/tikzlibrarytopaths.code.tex
File: tikzlibrarytopaths.code.tex 2008/06/17 v3.0.1a (rcs-revision 1.2)
)))
(/home/r05922135/.miktex/texmfs/install/tex/generic/pgf/frontendlayer/tikz/libr
aries/tikzlibraryfit.code.tex
File: tikzlibraryfit.code.tex 2013/07/12 v3.0.1a (rcs-revision 1.5)
)
(/home/r05922135/.miktex/texmfs/install/tex/generic/pgf/frontendlayer/tikz/libr
aries/tikzlibrarycalc.code.tex
File: tikzlibrarycalc.code.tex 2013/07/15 v3.0.1a (rcs-revision 1.9)
)
(/home/r05922135/.miktex/texmfs/install/tex/generic/pgf/frontendlayer/tikz/libr
aries/tikzlibrarypositioning.code.tex
File: tikzlibrarypositioning.code.tex 2008/10/06 v3.0.1a (rcs-revision 1.7)
)

Package hyperref Warning: Token not allowed in a PDF string (PDFDocEncoding):
(hyperref)                removing `\\' on input line 62.

(paper.aux)
\openout1 = `paper.aux'.

LaTeX Font Info:    Checking defaults for OML/cmm/m/it on input line 73.
LaTeX Font Info:    ... okay on input line 73.
LaTeX Font Info:    Checking defaults for T1/cmr/m/n on input line 73.
LaTeX Font Info:    ... okay on input line 73.
LaTeX Font Info:    Checking defaults for OT1/cmr/m/n on input line 73.
LaTeX Font Info:    ... okay on input line 73.
LaTeX Font Info:    Checking defaults for OMS/cmsy/m/n on input line 73.
LaTeX Font Info:    ... okay on input line 73.
LaTeX Font Info:    Checking defaults for OMX/cmex/m/n on input line 73.
LaTeX Font Info:    ... okay on input line 73.
LaTeX Font Info:    Checking defaults for U/cmr/m/n on input line 73.
LaTeX Font Info:    ... okay on input line 73.
LaTeX Font Info:    Checking defaults for PD1/pdf/m/n on input line 73.
LaTeX Font Info:    ... okay on input line 73.

*geometry* driver: auto-detecting
*geometry* detected driver: pdftex
*geometry* verbose mode - [ preamble ] result:
* driver: pdftex
* paper: custom
* layout: <same size as paper>
* layoutoffset:(h,v)=(0.0pt,0.0pt)
* modes: includehead includefoot 
* h-part:(L,W,R)=(28.45274pt, 307.28987pt, 28.45274pt)
* v-part:(T,H,B)=(0.0pt, 273.14662pt, 0.0pt)
* \paperwidth=364.19536pt
* \paperheight=273.14662pt
* \textwidth=307.28987pt
* \textheight=244.6939pt
* \oddsidemargin=-43.81725pt
* \evensidemargin=-43.81725pt
* \topmargin=-72.26999pt
* \headheight=14.22636pt
* \headsep=0.0pt
* \topskip=11.0pt
* \footskip=14.22636pt
* \marginparwidth=4.0pt
* \marginparsep=10.0pt
* \columnsep=10.0pt
* \skip\footins=10.0pt plus 4.0pt minus 2.0pt
* \hoffset=0.0pt
* \voffset=0.0pt
* \mag=1000
* \@twocolumnfalse
* \@twosidefalse
* \@mparswitchfalse
* \@reversemarginfalse
* (1in=72.27pt=25.4mm, 1cm=28.453pt)

(/home/r05922135/.miktex/texmfs/install/tex/context/base/supp-pdf.mkii
[Loading MPS to PDF converter (version 2006.09.02).]
\scratchcounter=\count170
\scratchdimen=\dimen261
\scratchbox=\box60
\nofMPsegments=\count171
\nofMParguments=\count172
\everyMPshowfont=\toks46
\MPscratchCnt=\count173
\MPscratchDim=\dimen262
\MPnumerator=\count174
\makeMPintoPDFobject=\count175
\everyMPtoPDFconversion=\toks47
) (/home/r05922135/.miktex/texmfs/install/tex/latex/oberdiek/epstopdf-base.sty
Package: epstopdf-base 2016/05/15 v2.6 Base part for package epstopdf

(/home/r05922135/.miktex/texmfs/install/tex/latex/oberdiek/grfext.sty
Package: grfext 2016/05/16 v1.2 Manage graphics extensions (HO)
)
Package epstopdf-base Info: Redefining graphics rule for `.eps' on input line 4
38.
Package grfext Info: Graphics extension search list:
(grfext)             [.pdf,.png,.jpg,.mps,.jpeg,.jbig2,.jb2,.PDF,.PNG,.JPG,.JPE
G,.JBIG2,.JB2,.eps]
(grfext)             \AppendGraphicsExtensions on input line 456.
)
ABD: EveryShipout initializing macros
\AtBeginShipoutBox=\box61
Package hyperref Info: Link coloring OFF on input line 73.

(/home/r05922135/.miktex/texmfs/install/tex/latex/hyperref/nameref.sty
Package: nameref 2016/05/21 v2.44 Cross-referencing by name of section

(/home/r05922135/.miktex/texmfs/install/tex/generic/oberdiek/gettitlestring.sty
Package: gettitlestring 2016/05/16 v1.5 Cleanup title references (HO)
)
\c@section@level=\count176
)
LaTeX Info: Redefining \ref on input line 73.
LaTeX Info: Redefining \pageref on input line 73.
LaTeX Info: Redefining \nameref on input line 73.
 (paper.out) (paper.out)
\@outlinefile=\write5
\openout5 = `paper.out'.


(/home/r05922135/.miktex/texmfs/install/tex/latex/beamer/translator/dicts/trans
lator-basic-dictionary/translator-basic-dictionary-English.dict
Dictionary: translator-basic-dictionary, Language: English 
)
(/home/r05922135/.miktex/texmfs/install/tex/latex/beamer/translator/dicts/trans
lator-bibliography-dictionary/translator-bibliography-dictionary-English.dict
Dictionary: translator-bibliography-dictionary, Language: English 
)
(/home/r05922135/.miktex/texmfs/install/tex/latex/beamer/translator/dicts/trans
lator-environment-dictionary/translator-environment-dictionary-English.dict
Dictionary: translator-environment-dictionary, Language: English 
)
(/home/r05922135/.miktex/texmfs/install/tex/latex/beamer/translator/dicts/trans
lator-months-dictionary/translator-months-dictionary-English.dict
Dictionary: translator-months-dictionary, Language: English 
)
(/home/r05922135/.miktex/texmfs/install/tex/latex/beamer/translator/dicts/trans
lator-numbers-dictionary/translator-numbers-dictionary-English.dict
Dictionary: translator-numbers-dictionary, Language: English 
)
(/home/r05922135/.miktex/texmfs/install/tex/latex/beamer/translator/dicts/trans
lator-theorem-dictionary/translator-theorem-dictionary-English.dict
Dictionary: translator-theorem-dictionary, Language: English 
)
\c@lstlisting=\count177
 (paper.nav)
Overfull \hbox (70.26866pt too wide) in paragraph at lines 73--73
 []  
 []


Overfull \hbox (99.109pt too wide) in paragraph at lines 73--73
 [][][][]  
 []

LaTeX Font Info:    Try loading font information for U+msa on input line 76.
(/home/r05922135/.miktex/texmfs/install/tex/latex/amsfonts/umsa.fd
File: umsa.fd 2013/01/14 v3.01 AMS symbols A
)
LaTeX Font Info:    Try loading font information for U+msb on input line 76.

(/home/r05922135/.miktex/texmfs/install/tex/latex/amsfonts/umsb.fd
File: umsb.fd 2013/01/14 v3.01 AMS symbols B
)
Overfull \hbox (70.26866pt too wide) has occurred while \output is active
 []  
 []


Overfull \hbox (99.109pt too wide) has occurred while \output is active
 [][][][]  
 []

[1{/home/r05922135/.miktex/texmfs/data/pdftex/config/pdftex.map}

]
(partial/introduction.tex (paper.toc)
Overfull \hbox (70.26866pt too wide) has occurred while \output is active
 []  
 []


Overfull \hbox (99.109pt too wide) has occurred while \output is active
 [][][][]  
 []

[2

]
Overfull \hbox (70.26866pt too wide) has occurred while \output is active
 []  
 []


Overfull \hbox (99.109pt too wide) has occurred while \output is active
 [][][][]  
 []

[3

]
Overfull \hbox (70.26866pt too wide) has occurred while \output is active
 []  
 []


Overfull \hbox (99.109pt too wide) has occurred while \output is active
 [][][][]  
 []

[4

]
<figure/conv-1.PNG, id=248, 531.48563pt x 187.45032pt>
File: figure/conv-1.PNG Graphic file (type png)
<use figure/conv-1.PNG>
Package pdftex.def Info: figure/conv-1.PNG  used on input line 33. on input lin
e 33.
Package pdftex.def Info: Requested size: 265.74216pt x 93.72491pt on input line
 33.

Overfull \hbox (70.26866pt too wide) has occurred while \output is active
 []  
 []


Overfull \hbox (99.109pt too wide) has occurred while \output is active
 [][][][]  
 []

[5

 <./figure/conv-1.PNG>]
<figure/conv-2.PNG, id=285, 697.8572pt x 441.90094pt>
File: figure/conv-2.PNG Graphic file (type png)
<use figure/conv-2.PNG>
Package pdftex.def Info: figure/conv-2.PNG  used on input line 40. on input lin
e 40.
Package pdftex.def Info: Requested size: 279.13792pt x 176.75723pt on input lin
e 40.

Overfull \hbox (70.26866pt too wide) has occurred while \output is active
 []  
 []


Overfull \hbox (99.109pt too wide) has occurred while \output is active
 [][][][]  
 []

[6

 <./figure/conv-2.PNG>]
<figure/variable.PNG, id=321, 368.87813pt x 210.7875pt>
File: figure/variable.PNG Graphic file (type png)
<use figure/variable.PNG>
Package pdftex.def Info: figure/variable.PNG  used on input line 47. on input l
ine 47.
Package pdftex.def Info: Requested size: 221.32857pt x 126.47346pt on input lin
e 47.

Overfull \hbox (70.26866pt too wide) has occurred while \output is active
 []  
 []


Overfull \hbox (99.109pt too wide) has occurred while \output is active
 [][][][]  
 []

[7

 <./figure/variable.PNG>]
Overfull \hbox (70.26866pt too wide) has occurred while \output is active
 []  
 []


Overfull \hbox (99.109pt too wide) has occurred while \output is active
 [][][][]  
 []

[8

]
<figure/imtocol.PNG, id=395, 434.37282pt x 215.30438pt>
File: figure/imtocol.PNG Graphic file (type png)
<use figure/imtocol.PNG>
Package pdftex.def Info: figure/imtocol.PNG  used on input line 68. on input li
ne 68.
Package pdftex.def Info: Requested size: 217.18587pt x 107.65192pt on input lin
e 68.

Overfull \hbox (70.26866pt too wide) has occurred while \output is active
 []  
 []


Overfull \hbox (99.109pt too wide) has occurred while \output is active
 [][][][]  
 []

[9

 <./figure/imtocol.PNG>]
<figure/gemm.PNG, id=430, 432.86719pt x 255.20343pt>
File: figure/gemm.PNG Graphic file (type png)
<use figure/gemm.PNG>
Package pdftex.def Info: figure/gemm.PNG  used on input line 75. on input line 
75.
Package pdftex.def Info: Requested size: 216.43306pt x 127.6014pt on input line
 75.

Overfull \hbox (70.26866pt too wide) has occurred while \output is active
 []  
 []


Overfull \hbox (99.109pt too wide) has occurred while \output is active
 [][][][]  
 []

[10

 <./figure/gemm.PNG>]) (partial/architecture.tex (paper.toc)
Overfull \hbox (70.26866pt too wide) has occurred while \output is active
 []  
 []


Overfull \hbox (99.109pt too wide) has occurred while \output is active
 [][][][]  
 []

[11

]
<figure/archi.PNG, id=506, 746.03719pt x 369.63094pt>
File: figure/archi.PNG Graphic file (type png)
<use figure/archi.PNG>
Package pdftex.def Info: figure/archi.PNG  used on input line 9. on input line 
9.
Package pdftex.def Info: Requested size: 298.40958pt x 147.84975pt on input lin
e 9.

Overfull \hbox (70.26866pt too wide) has occurred while \output is active
 []  
 []


Overfull \hbox (99.109pt too wide) has occurred while \output is active
 [][][][]  
 []

[12

 <./figure/archi.PNG>]
Overfull \hbox (70.26866pt too wide) has occurred while \output is active
 []  
 []


Overfull \hbox (99.109pt too wide) has occurred while \output is active
 [][][][]  
 []

[13

]
Overfull \hbox (70.26866pt too wide) has occurred while \output is active
 []  
 []


Overfull \hbox (99.109pt too wide) has occurred while \output is active
 [][][][]  
 []

[14

]) (partial/RegisterCommunication.tex (paper.toc)
Overfull \hbox (70.26866pt too wide) has occurred while \output is active
 []  
 []


Overfull \hbox (99.109pt too wide) has occurred while \output is active
 [][][][]  
 []

[15

]
Overfull \hbox (70.26866pt too wide) has occurred while \output is active
 []  
 []


Overfull \hbox (99.109pt too wide) has occurred while \output is active
 [][][][]  
 []

[16

]
<figure/broadcast.PNG, id=681, 469.755pt x 279.29344pt>
File: figure/broadcast.PNG Graphic file (type png)
<use figure/broadcast.PNG>
Package pdftex.def Info: figure/broadcast.PNG  used on input line 26. on input 
line 26.
Package pdftex.def Info: Requested size: 234.87692pt x 139.64638pt on input lin
e 26.

Overfull \hbox (70.26866pt too wide) has occurred while \output is active
 []  
 []


Overfull \hbox (99.109pt too wide) has occurred while \output is active
 [][][][]  
 []

[17

 <./figure/broadcast.PNG>]) (partial/InstructionPipelines.tex (paper.toc)
Overfull \hbox (70.26866pt too wide) has occurred while \output is active
 []  
 []


Overfull \hbox (99.109pt too wide) has occurred while \output is active
 [][][][]  
 []

[18

]
Overfull \hbox (70.26866pt too wide) has occurred while \output is active
 []  
 []


Overfull \hbox (99.109pt too wide) has occurred while \output is active
 [][][][]  
 []

[19

]
Overfull \hbox (70.26866pt too wide) has occurred while \output is active
 []  
 []


Overfull \hbox (99.109pt too wide) has occurred while \output is active
 [][][][]  
 []

[20

]) (partial/experiment.tex (paper.toc)
Overfull \hbox (70.26866pt too wide) has occurred while \output is active
 []  
 []


Overfull \hbox (99.109pt too wide) has occurred while \output is active
 [][][][]  
 []

[21

]
<figure/experiment.PNG, id=858, 900.36375pt x 310.15875pt>
File: figure/experiment.PNG Graphic file (type png)
<use figure/experiment.PNG>
Package pdftex.def Info: figure/experiment.PNG  used on input line 10. on input
 line 10.
Package pdftex.def Info: Requested size: 315.13203pt x 108.55717pt on input lin
e 10.

Overfull \hbox (7.84216pt too wide) in paragraph at lines 10--10
 [] 
 []


Overfull \hbox (70.26866pt too wide) has occurred while \output is active
 []  
 []


Overfull \hbox (99.109pt too wide) has occurred while \output is active
 [][][][]  
 []

[22

 <./figure/experiment.PNG>])
\tf@nav=\write6
\openout6 = `paper.nav'.

\tf@toc=\write7
\openout7 = `paper.toc'.

\tf@snm=\write8
\openout8 = `paper.snm'.

Package atveryend Info: Empty hook `BeforeClearDocument' on input line 83.
Package atveryend Info: Empty hook `AfterLastShipout' on input line 83.
 (paper.aux)
Package atveryend Info: Executing hook `AtVeryEndDocument' on input line 83.
Package atveryend Info: Executing hook `AtEndAfterFileList' on input line 83.
Package rerunfilecheck Info: File `paper.out' has not changed.
(rerunfilecheck)             Checksum: 86EAD7E30DE79E45D249074B2DA0CAD5;961.
 ) 
Here is how much of TeX's memory you used:
 21514 strings out of 495217
 424152 string characters out of 3181179
 482772 words of memory out of 3000000
 24232 multiletter control sequences out of 15000+200000
 13349 words of font info for 52 fonts, out of 3000000 for 9000
 14 hyphenation exceptions out of 8191
 56i,19n,67p,804b,631s stack positions out of 5000i,500n,10000p,200000b,50000s
</home/r05922135/.miktex/texmfs/install/fonts/type1/public/amsfonts/cm/cmmi10
.pfb></home/r05922135/.miktex/texmfs/install/fonts/type1/public/amsfonts/cm/cmm
i12.pfb></home/r05922135/.miktex/texmfs/install/fonts/type1/public/amsfonts/cm/
cmmi8.pfb></home/r05922135/.miktex/texmfs/install/fonts/type1/public/amsfonts/c
m/cmr10.pfb></home/r05922135/.miktex/texmfs/install/fonts/type1/public/amsfonts
/cm/cmr12.pfb></home/r05922135/.miktex/texmfs/install/fonts/type1/public/amsfon
ts/cm/cmr6.pfb></home/r05922135/.miktex/texmfs/install/fonts/type1/public/amsfo
nts/cm/cmss10.pfb></home/r05922135/.miktex/texmfs/install/fonts/type1/public/am
sfonts/cm/cmss12.pfb></home/r05922135/.miktex/texmfs/install/fonts/type1/public
/amsfonts/cm/cmss8.pfb></home/r05922135/.miktex/texmfs/install/fonts/type1/publ
ic/amsfonts/cm/cmsy10.pfb>
Output written on paper.pdf (22 pages, 1105902 bytes).
PDF statistics:
 939 PDF objects out of 1000 (max. 8388607)
 61 named destinations out of 1000 (max. 500000)
 265 words of extra memory for PDF output out of 10000 (max. 10000000)

